<?xml version="1.0" encoding="UTF-8"?>
<testsuite name="com.example.gustto.AndroidFlowTest" tests="4" skipped="0" failures="0" errors="0" timestamp="2026-09-17T04:14:38.215Z" hostname="DESKTOP-OEFQ9VO" time="27.973">
  <properties/>
  <testcase name="sqliteBoundsHistoryAndDeduplicates" classname="com.example.gustto.AndroidFlowTest" time="4.82"/>
  <testcase name="detailsAndReviewGateInflateWithoutNetwork" classname="com.example.gustto.AndroidFlowTest" time="4.566"/>
  <testcase name="sqlitePersistsGuestFavoritesAndCacheAfterReopen" classname="com.example.gustto.AndroidFlowTest" time="0.074"/>
  <testcase name="guestCanOpenPrimaryAndAuthScreensWithoutFirebase" classname="com.example.gustto.AndroidFlowTest" time="2.145"/>
  <system-out><![CDATA[]]></system-out>
  <system-err><![CDATA[Invalid ID 0x00000000.
Invalid ID 0x00000000.
]]></system-err>
</testsuite>
